<?xml version="1.0" encoding="UTF-8"?>
<testsuite name="com.company.domain.RoomTest" tests="3" skipped="0" failures="0" errors="0" timestamp="2021-06-10T04:42:30" hostname="MBP-Ronaldo.box" time="0.007">
  <properties/>
  <testcase name="availableRooms()" classname="com.company.domain.RoomTest" time="0.0"/>
  <testcase name="addRoom()" classname="com.company.domain.RoomTest" time="0.0"/>
  <testcase name="ordemByAbilityRoom()" classname="com.company.domain.RoomTest" time="0.003"/>
  <system-out><![CDATA[]]></system-out>
  <system-err><![CDATA[]]></system-err>
</testsuite>
